Starting auto_commit script...
Adding changes...
Committing changes...

This repository is configured for Git LFS but 'git-lfs' was not found on your path. If you no longer wish to use Git LFS, remove this hook by deleting the 'post-commit' file in the hooks directory (set by 'core.hookspath'; usually '.git/hooks').

[main 963c504] Auto commit on Tue Jul 29 07:42:10 UTC 2025
 6 files changed, 50 insertions(+)
 create mode 100755 .devcontainer/auto_commit.sh
 create mode 100644 .devcontainer/devcontainer.json
 create mode 100644 C++.cpp
 create mode 100644 Java.java
 create mode 100644 Python.py
 create mode 100644 auto_commit.log
Sleeping for 3 minutes...

Starting auto_commit script...
Adding changes...
Committing changes...

This repository is configured for Git LFS but 'git-lfs' was not found on your path. If you no longer wish to use Git LFS, remove this hook by deleting the 'post-commit' file in the hooks directory (set by 'core.hookspath'; usually '.git/hooks').

[main 2da2383] Auto commit on Tue Jul 29 07:51:47 UTC 2025
 6 files changed, 21 insertions(+), 5 deletions(-)
 delete mode 100644 Python.py
 rename C++.cpp => hello.cpp (51%)
 rename Java.java => hello.java (63%)
 create mode 100644 hello.py
Sleeping for 3 minutes...

Starting auto_commit script...
Adding changes...
Committing changes...
[main 76b89d0] Auto commit on Tue Jul 29 08:00:26 UTC 2025
 3 files changed, 15 insertions(+), 2 deletions(-)
Sleeping for 3 minutes...

Adding changes...
